<?xml version="1.0" encoding="UTF-8"?>
<!-- Generated by org.testng.reporters.JUnitReportReporter -->
<testsuite hostname="DESKTOP-MDEUDBT" failures="0" tests="1" name="aaab.Test2" time="0.002" errors="0" timestamp="2023-06-22T01:04:51 IST" skipped="0">
  <testcase classname="aaab.Test2" name="tc2" time="0.002"/>
  <system-out/>
</testsuite> <!-- aaab.Test2 -->
